app/build/intermediates/manifest_merge_blame_file/debug/manifest-merger-blame-debug-report.txt
1<?xml version="1.0" encoding="utf-8"?>
2<manifest xmlns:android="http://schemas.android.com/apk/res/android"
3    package="com.starikov.bpo1802.whereami"
4    android:versionCode="1"
5    android:versionName="1.0" >
6
7    <uses-sdk
8        android:minSdkVersion="24"
8-->src\main\AndroidManifest.xml
9        android:targetSdkVersion="30" />
9-->src\main\AndroidManifest.xml
10
11    <application
11-->src\main\AndroidManifest.xml:5:5-34:19
12        android:allowBackup="true"
12-->src\main\AndroidManifest.xml:6:13-39
13        android:appComponentFactory="androidx.core.app.CoreComponentFactory"
13-->[androidx.core:core:1.1.0] AndroidManifest.xml:24:18-86
14        android:debuggable="true"
15        android:extractNativeLibs="false"
16        android:icon="@mipmap/icon_where_am_i"
16-->src\main\AndroidManifest.xml:7:13-51
17        android:label="@string/app_name"
17-->src\main\AndroidManifest.xml:8:13-45
18        android:roundIcon="@mipmap/icon_where_am_i"
18-->src\main\AndroidManifest.xml:9:13-56
19        android:supportsRtl="true"
19-->src\main\AndroidManifest.xml:10:13-39
20        android:testOnly="true"
21        android:theme="@style/Theme.WhereAmI" >
21-->src\main\AndroidManifest.xml:12:13-50
22        <activity
22-->src\main\AndroidManifest.xml:13:9-15:20
23            android:name="com.starikov.bpo1802.whereami.ResultActivity"
23-->src\main\AndroidManifest.xml:13:19-49
24            android:screenOrientation="portrait" >
24-->src\main\AndroidManifest.xml:14:19-55
25        </activity>
26        <activity
26-->src\main\AndroidManifest.xml:16:9-18:20
27            android:name="com.starikov.bpo1802.whereami.GameActivity"
27-->src\main\AndroidManifest.xml:16:19-47
28            android:screenOrientation="portrait" >
28-->src\main\AndroidManifest.xml:17:19-55
29        </activity>
30        <activity
30-->src\main\AndroidManifest.xml:19:9-21:20
31            android:name="com.starikov.bpo1802.whereami.SelectSide"
31-->src\main\AndroidManifest.xml:19:19-45
32            android:screenOrientation="portrait" >
32-->src\main\AndroidManifest.xml:20:19-55
33        </activity>
34        <activity
34-->src\main\AndroidManifest.xml:22:9-24:20
35            android:name="com.starikov.bpo1802.whereami.SelectFloor"
35-->src\main\AndroidManifest.xml:22:19-46
36            android:screenOrientation="portrait" >
36-->src\main\AndroidManifest.xml:23:19-55
37        </activity>
38        <activity
38-->src\main\AndroidManifest.xml:25:9-33:20
39            android:name="com.starikov.bpo1802.whereami.MainActivity"
39-->src\main\AndroidManifest.xml:26:17-45
40            android:screenOrientation="portrait" >
40-->src\main\AndroidManifest.xml:27:17-53
41            <intent-filter>
41-->src\main\AndroidManifest.xml:28:13-32:29
42                <action android:name="android.intent.action.MAIN" />
42-->src\main\AndroidManifest.xml:29:17-68
42-->src\main\AndroidManifest.xml:29:25-66
43
44                <category android:name="android.intent.category.LAUNCHER" />
44-->src\main\AndroidManifest.xml:31:17-76
44-->src\main\AndroidManifest.xml:31:27-74
45            </intent-filter>
46        </activity>
47    </application>
48
49</manifest>